{"D:\\proyectos_personales\\ibero\\skillHub-back\\src\\app.js": {"path":"D:\\proyectos_personales\\ibero\\skillHub-back\\src\\app.js","statementMap":{"0":{"start":{"line":11,"column":11},"end":{"line":11,"column":21}},"1":{"start":{"line":13,"column":0},"end":{"line":13,"column":16}},"2":{"start":{"line":15,"column":23},"end":{"line":18,"column":18}},"3":{"start":{"line":17,"column":19},"end":{"line":17,"column":32}},"4":{"start":{"line":20,"column":0},"end":{"line":20,"column":18}},"5":{"start":{"line":21,"column":0},"end":{"line":24,"column":4}},"6":{"start":{"line":25,"column":0},"end":{"line":25,"column":23}},"7":{"start":{"line":26,"column":0},"end":{"line":26,"column":49}},"8":{"start":{"line":29,"column":0},"end":{"line":29,"column":24}},"9":{"start":{"line":32,"column":0},"end":{"line":32,"column":37}},"10":{"start":{"line":35,"column":0},"end":{"line":35,"column":33}},"11":{"start":{"line":36,"column":0},"end":{"line":36,"column":43}},"12":{"start":{"line":39,"column":0},"end":{"line":39,"column":25}}},"fnMap":{"0":{"name":"(anonymous_0)","decl":{"start":{"line":17,"column":7},"end":{"line":17,"column":8}},"loc":{"start":{"line":17,"column":19},"end":{"line":17,"column":32}},"line":17}},"branchMap":{"0":{"loc":{"start":{"line":15,"column":24},"end":{"line":15,"column":53}},"type":"binary-expr","locations":[{"start":{"line":15,"column":24},"end":{"line":15,"column":47}},{"start":{"line":15,"column":51},"end":{"line":15,"column":53}}],"line":15},"1":{"loc":{"start":{"line":22,"column":10},"end":{"line":22,"column":55}},"type":"cond-expr","locations":[{"start":{"line":22,"column":34},"end":{"line":22,"column":48}},{"start":{"line":22,"column":51},"end":{"line":22,"column":55}}],"line":22}},"s":{"0":1,"1":1,"2":1,"3":2,"4":1,"5":1,"6":1,"7":1,"8":1,"9":1,"10":1,"11":1,"12":1},"f":{"0":2},"b":{"0":[1,0],"1":[1,0]},"meta":{"lastBranch":2,"lastFunction":1,"lastStatement":13,"seen":{"s:11:11:11:21":0,"s:13:0:13:16":1,"s:15:23:18:18":2,"b:15:24:15:47:15:51:15:53":0,"f:17:7:17:8":0,"s:17:19:17:32":3,"s:20:0:20:18":4,"s:21:0:24:4":5,"b:22:34:22:48:22:51:22:55":1,"s:25:0:25:23":6,"s:26:0:26:49":7,"s:29:0:29:24":8,"s:32:0:32:37":9,"s:35:0:35:33":10,"s:36:0:36:43":11,"s:39:0:39:25":12}}}
,"D:\\proyectos_personales\\ibero\\skillHub-back\\src\\config\\database.js": {"path":"D:\\proyectos_personales\\ibero\\skillHub-back\\src\\config\\database.js","statementMap":{"0":{"start":{"line":5,"column":0},"end":{"line":5,"column":null}},"1":{"start":{"line":7,"column":15},"end":{"line":7,"column":null}},"2":{"start":{"line":9,"column":13},"end":{"line":21,"column":null}},"3":{"start":{"line":24,"column":2},"end":{"line":30,"column":null}},"4":{"start":{"line":25,"column":19},"end":{"line":25,"column":null}},"5":{"start":{"line":26,"column":4},"end":{"line":26,"column":null}},"6":{"start":{"line":27,"column":4},"end":{"line":27,"column":null}},"7":{"start":{"line":29,"column":4},"end":{"line":29,"column":null}},"8":{"start":{"line":33,"column":0},"end":{"line":33,"column":null}}},"fnMap":{"0":{"name":"testConnection","decl":{"start":{"line":23,"column":15},"end":{"line":23,"column":32}},"loc":{"start":{"line":23,"column":32},"end":{"line":31,"column":null}},"line":23}},"branchMap":{"0":{"loc":{"start":{"line":7,"column":15},"end":{"line":7,"column":null}},"type":"binary-expr","locations":[{"start":{"line":7,"column":15},"end":{"line":7,"column":48}},{"start":{"line":7,"column":48},"end":{"line":7,"column":null}}],"line":7},"1":{"loc":{"start":{"line":9,"column":22},"end":{"line":21,"column":5}},"type":"cond-expr","locations":[{"start":{"line":10,"column":4},"end":{"line":13,"column":null}},{"start":{"line":14,"column":4},"end":{"line":21,"column":5}}],"line":9},"2":{"loc":{"start":{"line":12,"column":11},"end":{"line":12,"column":null}},"type":"cond-expr","locations":[{"start":{"line":12,"column":20},"end":{"line":12,"column":52}},{"start":{"line":12,"column":52},"end":{"line":12,"column":null}}],"line":12},"3":{"loc":{"start":{"line":19,"column":21},"end":{"line":19,"column":52}},"type":"binary-expr","locations":[{"start":{"line":19,"column":21},"end":{"line":19,"column":44}},{"start":{"line":19,"column":44},"end":{"line":19,"column":52}}],"line":19},"4":{"loc":{"start":{"line":20,"column":11},"end":{"line":20,"column":null}},"type":"cond-expr","locations":[{"start":{"line":20,"column":20},"end":{"line":20,"column":52}},{"start":{"line":20,"column":52},"end":{"line":20,"column":null}}],"line":20}},"s":{"0":2,"1":2,"2":2,"3":2,"4":2,"5":2,"6":2,"7":0,"8":2},"f":{"0":2},"b":{"0":[2,2],"1":[0,2],"2":[0,0],"3":[2,0],"4":[0,2]},"meta":{"lastBranch":5,"lastFunction":1,"lastStatement":9,"seen":{"s:5:0:5:Infinity":0,"s:7:15:7:Infinity":1,"b:7:15:7:48:7:48:7:Infinity":0,"s:9:13:21:Infinity":2,"b:10:4:13:Infinity:14:4:21:5":1,"b:12:20:12:52:12:52:12:Infinity":2,"b:19:21:19:44:19:44:19:52":3,"b:20:20:20:52:20:52:20:Infinity":4,"f:23:15:23:32":0,"s:24:2:30:Infinity":3,"s:25:19:25:Infinity":4,"s:26:4:26:Infinity":5,"s:27:4:27:Infinity":6,"s:29:4:29:Infinity":7,"s:33:0:33:Infinity":8}}}
,"D:\\proyectos_personales\\ibero\\skillHub-back\\src\\config\\jwt.js": {"path":"D:\\proyectos_personales\\ibero\\skillHub-back\\src\\config\\jwt.js","statementMap":{"0":{"start":{"line":4,"column":0},"end":{"line":4,"column":16}},"1":{"start":{"line":6,"column":19},"end":{"line":6,"column":41}},"2":{"start":{"line":7,"column":23},"end":{"line":7,"column":58}},"3":{"start":{"line":10,"column":2},"end":{"line":10,"column":70}},"4":{"start":{"line":14,"column":2},"end":{"line":14,"column":39}}},"fnMap":{"0":{"name":"generateToken","decl":{"start":{"line":9,"column":16},"end":{"line":9,"column":29}},"loc":{"start":{"line":9,"column":39},"end":{"line":11,"column":1}},"line":9},"1":{"name":"verifyToken","decl":{"start":{"line":13,"column":16},"end":{"line":13,"column":27}},"loc":{"start":{"line":13,"column":35},"end":{"line":15,"column":1}},"line":13}},"branchMap":{"0":{"loc":{"start":{"line":7,"column":23},"end":{"line":7,"column":58}},"type":"binary-expr","locations":[{"start":{"line":7,"column":23},"end":{"line":7,"column":49}},{"start":{"line":7,"column":53},"end":{"line":7,"column":58}}],"line":7}},"s":{"0":2,"1":2,"2":2,"3":2,"4":3},"f":{"0":2,"1":3},"b":{"0":[2,0]},"meta":{"lastBranch":1,"lastFunction":2,"lastStatement":5,"seen":{"s:4:0:4:16":0,"s:6:19:6:41":1,"s:7:23:7:58":2,"b:7:23:7:49:7:53:7:58":0,"f:9:16:9:29":0,"s:10:2:10:70":3,"f:13:16:13:27":1,"s:14:2:14:39":4}}}
,"D:\\proyectos_personales\\ibero\\skillHub-back\\src\\config\\swagger.js": {"path":"D:\\proyectos_personales\\ibero\\skillHub-back\\src\\config\\swagger.js","statementMap":{"0":{"start":{"line":4,"column":23},"end":{"line":44,"column":1}},"1":{"start":{"line":46,"column":19},"end":{"line":46,"column":48}},"2":{"start":{"line":48,"column":20},"end":{"line":48,"column":67}}},"fnMap":{},"branchMap":{},"s":{"0":2,"1":2,"2":2},"f":{},"b":{},"meta":{"lastBranch":0,"lastFunction":0,"lastStatement":3,"seen":{"s:4:23:44:1":0,"s:46:19:46:48":1,"s:48:20:48:67":2}}}
,"D:\\proyectos_personales\\ibero\\skillHub-back\\src\\middlewares\\auth.middleware.js": {"path":"D:\\proyectos_personales\\ibero\\skillHub-back\\src\\middlewares\\auth.middleware.js","statementMap":{"0":{"start":{"line":5,"column":21},"end":{"line":5,"column":46}},"1":{"start":{"line":7,"column":2},"end":{"line":9,"column":3}},"2":{"start":{"line":8,"column":4},"end":{"line":8,"column":76}},"3":{"start":{"line":11,"column":16},"end":{"line":11,"column":40}},"4":{"start":{"line":13,"column":2},"end":{"line":19,"column":3}},"5":{"start":{"line":14,"column":19},"end":{"line":14,"column":38}},"6":{"start":{"line":15,"column":4},"end":{"line":15,"column":23}},"7":{"start":{"line":16,"column":4},"end":{"line":16,"column":11}},"8":{"start":{"line":18,"column":4},"end":{"line":18,"column":64}},"9":{"start":{"line":23,"column":21},"end":{"line":23,"column":46}},"10":{"start":{"line":25,"column":2},"end":{"line":27,"column":3}},"11":{"start":{"line":26,"column":4},"end":{"line":26,"column":18}},"12":{"start":{"line":29,"column":16},"end":{"line":29,"column":40}},"13":{"start":{"line":31,"column":2},"end":{"line":37,"column":3}},"14":{"start":{"line":32,"column":19},"end":{"line":32,"column":38}},"15":{"start":{"line":33,"column":4},"end":{"line":33,"column":23}},"16":{"start":{"line":34,"column":4},"end":{"line":34,"column":11}},"17":{"start":{"line":36,"column":4},"end":{"line":36,"column":64}},"18":{"start":{"line":41,"column":2},"end":{"line":46,"column":4}},"19":{"start":{"line":42,"column":4},"end":{"line":44,"column":5}},"20":{"start":{"line":43,"column":6},"end":{"line":43,"column":85}},"21":{"start":{"line":45,"column":4},"end":{"line":45,"column":11}}},"fnMap":{"0":{"name":"authenticate","decl":{"start":{"line":4,"column":16},"end":{"line":4,"column":28}},"loc":{"start":{"line":4,"column":45},"end":{"line":20,"column":1}},"line":4},"1":{"name":"optionalAuthenticate","decl":{"start":{"line":22,"column":16},"end":{"line":22,"column":36}},"loc":{"start":{"line":22,"column":53},"end":{"line":38,"column":1}},"line":22},"2":{"name":"authorize","decl":{"start":{"line":40,"column":16},"end":{"line":40,"column":25}},"loc":{"start":{"line":40,"column":36},"end":{"line":47,"column":1}},"line":40},"3":{"name":"(anonymous_3)","decl":{"start":{"line":41,"column":9},"end":{"line":41,"column":10}},"loc":{"start":{"line":41,"column":29},"end":{"line":46,"column":3}},"line":41}},"branchMap":{"0":{"loc":{"start":{"line":7,"column":2},"end":{"line":9,"column":3}},"type":"if","locations":[{"start":{"line":7,"column":2},"end":{"line":9,"column":3}},{"start":{},"end":{}}],"line":7},"1":{"loc":{"start":{"line":7,"column":6},"end":{"line":7,"column":54}},"type":"binary-expr","locations":[{"start":{"line":7,"column":6},"end":{"line":7,"column":17}},{"start":{"line":7,"column":21},"end":{"line":7,"column":54}}],"line":7},"2":{"loc":{"start":{"line":25,"column":2},"end":{"line":27,"column":3}},"type":"if","locations":[{"start":{"line":25,"column":2},"end":{"line":27,"column":3}},{"start":{},"end":{}}],"line":25},"3":{"loc":{"start":{"line":25,"column":6},"end":{"line":25,"column":54}},"type":"binary-expr","locations":[{"start":{"line":25,"column":6},"end":{"line":25,"column":17}},{"start":{"line":25,"column":21},"end":{"line":25,"column":54}}],"line":25},"4":{"loc":{"start":{"line":42,"column":4},"end":{"line":44,"column":5}},"type":"if","locations":[{"start":{"line":42,"column":4},"end":{"line":44,"column":5}},{"start":{},"end":{}}],"line":42},"5":{"loc":{"start":{"line":42,"column":8},"end":{"line":42,"column":51}},"type":"binary-expr","locations":[{"start":{"line":42,"column":8},"end":{"line":42,"column":17}},{"start":{"line":42,"column":21},"end":{"line":42,"column":51}}],"line":42}},"s":{"0":7,"1":7,"2":3,"3":4,"4":4,"5":4,"6":4,"7":4,"8":2,"9":4,"10":4,"11":2,"12":2,"13":2,"14":2,"15":2,"16":2,"17":1,"18":5,"19":4,"20":3,"21":1},"f":{"0":7,"1":4,"2":5,"3":4},"b":{"0":[3,4],"1":[7,5],"2":[2,2],"3":[4,2],"4":[3,1],"5":[4,3]},"meta":{"lastBranch":6,"lastFunction":4,"lastStatement":22,"seen":{"f:4:16:4:28":0,"s:5:21:5:46":0,"b:7:2:9:3:undefined:undefined:undefined:undefined":0,"s:7:2:9:3":1,"b:7:6:7:17:7:21:7:54":1,"s:8:4:8:76":2,"s:11:16:11:40":3,"s:13:2:19:3":4,"s:14:19:14:38":5,"s:15:4:15:23":6,"s:16:4:16:11":7,"s:18:4:18:64":8,"f:22:16:22:36":1,"s:23:21:23:46":9,"b:25:2:27:3:undefined:undefined:undefined:undefined":2,"s:25:2:27:3":10,"b:25:6:25:17:25:21:25:54":3,"s:26:4:26:18":11,"s:29:16:29:40":12,"s:31:2:37:3":13,"s:32:19:32:38":14,"s:33:4:33:23":15,"s:34:4:34:11":16,"s:36:4:36:64":17,"f:40:16:40:25":2,"s:41:2:46:4":18,"f:41:9:41:10":3,"b:42:4:44:5:undefined:undefined:undefined:undefined":4,"s:42:4:44:5":19,"b:42:8:42:17:42:21:42:51":5,"s:43:6:43:85":20,"s:45:4:45:11":21}}}
,"D:\\proyectos_personales\\ibero\\skillHub-back\\src\\middlewares\\error.middleware.js": {"path":"D:\\proyectos_personales\\ibero\\skillHub-back\\src\\middlewares\\error.middleware.js","statementMap":{"0":{"start":{"line":4,"column":2},"end":{"line":4,"column":null}},"1":{"start":{"line":5,"column":2},"end":{"line":5,"column":null}},"2":{"start":{"line":7,"column":24},"end":{"line":7,"column":null}},"3":{"start":{"line":10,"column":2},"end":{"line":12,"column":null}},"4":{"start":{"line":11,"column":4},"end":{"line":11,"column":null}},"5":{"start":{"line":15,"column":2},"end":{"line":17,"column":null}},"6":{"start":{"line":16,"column":4},"end":{"line":16,"column":null}},"7":{"start":{"line":19,"column":2},"end":{"line":21,"column":null}},"8":{"start":{"line":20,"column":4},"end":{"line":20,"column":null}},"9":{"start":{"line":24,"column":21},"end":{"line":24,"column":null}},"10":{"start":{"line":26,"column":2},"end":{"line":37,"column":null}}},"fnMap":{"0":{"name":"errorMiddleware","decl":{"start":{"line":3,"column":16},"end":{"line":3,"column":32}},"loc":{"start":{"line":3,"column":53},"end":{"line":38,"column":null}},"line":3}},"branchMap":{"0":{"loc":{"start":{"line":10,"column":2},"end":{"line":12,"column":null}},"type":"if","locations":[{"start":{"line":10,"column":2},"end":{"line":12,"column":null}},{"start":{},"end":{}}],"line":10},"1":{"loc":{"start":{"line":10,"column":6},"end":{"line":10,"column":52}},"type":"binary-expr","locations":[{"start":{"line":10,"column":6},"end":{"line":10,"column":19}},{"start":{"line":10,"column":19},"end":{"line":10,"column":52}}],"line":10},"2":{"loc":{"start":{"line":15,"column":2},"end":{"line":17,"column":null}},"type":"if","locations":[{"start":{"line":15,"column":2},"end":{"line":17,"column":null}},{"start":{},"end":{}}],"line":15},"3":{"loc":{"start":{"line":19,"column":2},"end":{"line":21,"column":null}},"type":"if","locations":[{"start":{"line":19,"column":2},"end":{"line":21,"column":null}},{"start":{},"end":{}}],"line":19},"4":{"loc":{"start":{"line":24,"column":21},"end":{"line":24,"column":null}},"type":"binary-expr","locations":[{"start":{"line":24,"column":21},"end":{"line":24,"column":39}},{"start":{"line":24,"column":39},"end":{"line":24,"column":null}}],"line":24},"5":{"loc":{"start":{"line":29,"column":6},"end":{"line":31,"column":null}},"type":"cond-expr","locations":[{"start":{"line":30,"column":10},"end":{"line":30,"column":null}},{"start":{"line":31,"column":10},"end":{"line":31,"column":null}}],"line":29},"6":{"loc":{"start":{"line":31,"column":10},"end":{"line":31,"column":null}},"type":"binary-expr","locations":[{"start":{"line":31,"column":10},"end":{"line":31,"column":25}},{"start":{"line":31,"column":25},"end":{"line":31,"column":null}}],"line":31},"7":{"loc":{"start":{"line":32,"column":10},"end":{"line":36,"column":null}},"type":"cond-expr","locations":[{"start":{"line":33,"column":8},"end":{"line":35,"column":null}},{"start":{"line":36,"column":8},"end":{"line":36,"column":null}}],"line":32}},"s":{"0":7,"1":7,"2":7,"3":7,"4":1,"5":6,"6":1,"7":5,"8":1,"9":4,"10":7},"f":{"0":7},"b":{"0":[1,6],"1":[7,1],"2":[1,5],"3":[1,4],"4":[4,2],"5":[2,2],"6":[2,1],"7":[1,3]},"meta":{"lastBranch":8,"lastFunction":1,"lastStatement":11,"seen":{"f:3:16:3:32":0,"s:4:2:4:Infinity":0,"s:5:2:5:Infinity":1,"s:7:24:7:Infinity":2,"b:10:2:12:Infinity:undefined:undefined:undefined:undefined":0,"s:10:2:12:Infinity":3,"b:10:6:10:19:10:19:10:52":1,"s:11:4:11:Infinity":4,"b:15:2:17:Infinity:undefined:undefined:undefined:undefined":2,"s:15:2:17:Infinity":5,"s:16:4:16:Infinity":6,"b:19:2:21:Infinity:undefined:undefined:undefined:undefined":3,"s:19:2:21:Infinity":7,"s:20:4:20:Infinity":8,"s:24:21:24:Infinity":9,"b:24:21:24:39:24:39:24:Infinity":4,"s:26:2:37:Infinity":10,"b:30:10:30:Infinity:31:10:31:Infinity":5,"b:31:10:31:25:31:25:31:Infinity":6,"b:33:8:35:Infinity:36:8:36:Infinity":7}}}
,"D:\\proyectos_personales\\ibero\\skillHub-back\\src\\middlewares\\role.middleware.js": {"path":"D:\\proyectos_personales\\ibero\\skillHub-back\\src\\middlewares\\role.middleware.js","statementMap":{"0":{"start":{"line":5,"column":2},"end":{"line":17,"column":4}},"1":{"start":{"line":7,"column":21},"end":{"line":7,"column":35}},"2":{"start":{"line":8,"column":4},"end":{"line":10,"column":5}},"3":{"start":{"line":9,"column":6},"end":{"line":9,"column":69}},"4":{"start":{"line":12,"column":4},"end":{"line":14,"column":5}},"5":{"start":{"line":13,"column":6},"end":{"line":13,"column":87}},"6":{"start":{"line":16,"column":4},"end":{"line":16,"column":11}}},"fnMap":{"0":{"name":"roleMiddleware","decl":{"start":{"line":4,"column":16},"end":{"line":4,"column":30}},"loc":{"start":{"line":4,"column":37},"end":{"line":18,"column":1}},"line":4},"1":{"name":"(anonymous_1)","decl":{"start":{"line":5,"column":9},"end":{"line":5,"column":10}},"loc":{"start":{"line":5,"column":29},"end":{"line":17,"column":3}},"line":5}},"branchMap":{"0":{"loc":{"start":{"line":8,"column":4},"end":{"line":10,"column":5}},"type":"if","locations":[{"start":{"line":8,"column":4},"end":{"line":10,"column":5}},{"start":{},"end":{}}],"line":8},"1":{"loc":{"start":{"line":12,"column":4},"end":{"line":14,"column":5}},"type":"if","locations":[{"start":{"line":12,"column":4},"end":{"line":14,"column":5}},{"start":{},"end":{}}],"line":12}},"s":{"0":3,"1":3,"2":3,"3":1,"4":2,"5":1,"6":1},"f":{"0":3,"1":3},"b":{"0":[1,2],"1":[1,1]},"meta":{"lastBranch":2,"lastFunction":2,"lastStatement":7,"seen":{"f:4:16:4:30":0,"s:5:2:17:4":0,"f:5:9:5:10":1,"s:7:21:7:35":1,"b:8:4:10:5:undefined:undefined:undefined:undefined":0,"s:8:4:10:5":2,"s:9:6:9:69":3,"b:12:4:14:5:undefined:undefined:undefined:undefined":1,"s:12:4:14:5":4,"s:13:6:13:87":5,"s:16:4:16:11":6}}}
,"D:\\proyectos_personales\\ibero\\skillHub-back\\src\\middlewares\\validate-request.middleware.js": {"path":"D:\\proyectos_personales\\ibero\\skillHub-back\\src\\middlewares\\validate-request.middleware.js","statementMap":{"0":{"start":{"line":9,"column":16},"end":{"line":9,"column":38}},"1":{"start":{"line":11,"column":2},"end":{"line":18,"column":3}},"2":{"start":{"line":12,"column":28},"end":{"line":15,"column":7}},"3":{"start":{"line":12,"column":59},"end":{"line":15,"column":5}},"4":{"start":{"line":17,"column":4},"end":{"line":17,"column":77}},"5":{"start":{"line":20,"column":2},"end":{"line":20,"column":9}}},"fnMap":{"0":{"name":"validateRequest","decl":{"start":{"line":8,"column":16},"end":{"line":8,"column":31}},"loc":{"start":{"line":8,"column":48},"end":{"line":21,"column":1}},"line":8},"1":{"name":"(anonymous_1)","decl":{"start":{"line":12,"column":47},"end":{"line":12,"column":48}},"loc":{"start":{"line":12,"column":59},"end":{"line":15,"column":5}},"line":12}},"branchMap":{"0":{"loc":{"start":{"line":11,"column":2},"end":{"line":18,"column":3}},"type":"if","locations":[{"start":{"line":11,"column":2},"end":{"line":18,"column":3}},{"start":{},"end":{}}],"line":11}},"s":{"0":5,"1":5,"2":3,"3":12,"4":3,"5":2},"f":{"0":5,"1":12},"b":{"0":[3,2]},"meta":{"lastBranch":1,"lastFunction":2,"lastStatement":6,"seen":{"f:8:16:8:31":0,"s:9:16:9:38":0,"b:11:2:18:3:undefined:undefined:undefined:undefined":0,"s:11:2:18:3":1,"s:12:28:15:7":2,"f:12:47:12:48":1,"s:12:59:15:5":3,"s:17:4:17:77":4,"s:20:2:20:9":5}}}
,"D:\\proyectos_personales\\ibero\\skillHub-back\\src\\modules\\auth\\auth.controller.js": {"path":"D:\\proyectos_personales\\ibero\\skillHub-back\\src\\modules\\auth\\auth.controller.js","statementMap":{"0":{"start":{"line":5,"column":2},"end":{"line":24,"column":3}},"1":{"start":{"line":6,"column":44},"end":{"line":6,"column":52}},"2":{"start":{"line":8,"column":28},"end":{"line":14,"column":5}},"3":{"start":{"line":16,"column":4},"end":{"line":21,"column":6}},"4":{"start":{"line":23,"column":4},"end":{"line":23,"column":16}},"5":{"start":{"line":28,"column":2},"end":{"line":41,"column":3}},"6":{"start":{"line":29,"column":32},"end":{"line":29,"column":40}},"7":{"start":{"line":31,"column":28},"end":{"line":31,"column":68}},"8":{"start":{"line":33,"column":4},"end":{"line":38,"column":6}},"9":{"start":{"line":40,"column":4},"end":{"line":40,"column":16}}},"fnMap":{"0":{"name":"register","decl":{"start":{"line":4,"column":22},"end":{"line":4,"column":30}},"loc":{"start":{"line":4,"column":47},"end":{"line":25,"column":1}},"line":4},"1":{"name":"login","decl":{"start":{"line":27,"column":22},"end":{"line":27,"column":27}},"loc":{"start":{"line":27,"column":44},"end":{"line":42,"column":1}},"line":27}},"branchMap":{},"s":{"0":2,"1":2,"2":2,"3":1,"4":1,"5":2,"6":2,"7":2,"8":1,"9":1},"f":{"0":2,"1":2},"b":{},"meta":{"lastBranch":0,"lastFunction":2,"lastStatement":10,"seen":{"f:4:22:4:30":0,"s:5:2:24:3":0,"s:6:44:6:52":1,"s:8:28:14:5":2,"s:16:4:21:6":3,"s:23:4:23:16":4,"f:27:22:27:27":1,"s:28:2:41:3":5,"s:29:32:29:40":6,"s:31:28:31:68":7,"s:33:4:38:6":8,"s:40:4:40:16":9}}}
,"D:\\proyectos_personales\\ibero\\skillHub-back\\src\\modules\\auth\\auth.repository.js": {"path":"D:\\proyectos_personales\\ibero\\skillHub-back\\src\\modules\\auth\\auth.repository.js","statementMap":{"0":{"start":{"line":4,"column":17},"end":{"line":7,"column":3}},"1":{"start":{"line":9,"column":2},"end":{"line":9,"column":24}},"2":{"start":{"line":14,"column":17},"end":{"line":17,"column":3}},"3":{"start":{"line":19,"column":2},"end":{"line":19,"column":24}},"4":{"start":{"line":23,"column":17},"end":{"line":28,"column":3}},"5":{"start":{"line":30,"column":2},"end":{"line":30,"column":24}},"6":{"start":{"line":34,"column":17},"end":{"line":39,"column":3}},"7":{"start":{"line":41,"column":2},"end":{"line":41,"column":24}},"8":{"start":{"line":52,"column":17},"end":{"line":58,"column":3}},"9":{"start":{"line":60,"column":2},"end":{"line":60,"column":24}},"10":{"start":{"line":66,"column":2},"end":{"line":77,"column":3}},"11":{"start":{"line":67,"column":4},"end":{"line":70,"column":6}},"12":{"start":{"line":72,"column":5},"end":{"line":77,"column":3}},"13":{"start":{"line":73,"column":4},"end":{"line":76,"column":6}},"14":{"start":{"line":81,"column":17},"end":{"line":84,"column":3}},"15":{"start":{"line":85,"column":2},"end":{"line":85,"column":24}}},"fnMap":{"0":{"name":"findUserByEmail","decl":{"start":{"line":3,"column":22},"end":{"line":3,"column":37}},"loc":{"start":{"line":3,"column":45},"end":{"line":10,"column":1}},"line":3},"1":{"name":"findExistingUserByEmail","decl":{"start":{"line":13,"column":22},"end":{"line":13,"column":45}},"loc":{"start":{"line":13,"column":53},"end":{"line":20,"column":1}},"line":13},"2":{"name":"createUser","decl":{"start":{"line":22,"column":22},"end":{"line":22,"column":32}},"loc":{"start":{"line":22,"column":66},"end":{"line":31,"column":1}},"line":22},"3":{"name":"createCustomerProfile","decl":{"start":{"line":33,"column":22},"end":{"line":33,"column":43}},"loc":{"start":{"line":33,"column":69},"end":{"line":42,"column":1}},"line":33},"4":{"name":"createProviderProfile","decl":{"start":{"line":44,"column":22},"end":{"line":44,"column":43}},"loc":{"start":{"line":51,"column":3},"end":{"line":61,"column":1}},"line":51},"5":{"name":"roleSpecificInsert","decl":{"start":{"line":65,"column":22},"end":{"line":65,"column":40}},"loc":{"start":{"line":65,"column":55},"end":{"line":78,"column":1}},"line":65},"6":{"name":"findUserById","decl":{"start":{"line":80,"column":22},"end":{"line":80,"column":34}},"loc":{"start":{"line":80,"column":39},"end":{"line":86,"column":null}},"line":80}},"branchMap":{"0":{"loc":{"start":{"line":66,"column":2},"end":{"line":77,"column":3}},"type":"if","locations":[{"start":{"line":66,"column":2},"end":{"line":77,"column":3}},{"start":{"line":72,"column":5},"end":{"line":77,"column":3}}],"line":66},"1":{"loc":{"start":{"line":72,"column":5},"end":{"line":77,"column":3}},"type":"if","locations":[{"start":{"line":72,"column":5},"end":{"line":77,"column":3}},{"start":{},"end":{}}],"line":72}},"s":{"0":1,"1":1,"2":1,"3":1,"4":1,"5":1,"6":1,"7":1,"8":1,"9":1,"10":3,"11":1,"12":2,"13":1,"14":1,"15":1},"f":{"0":1,"1":1,"2":1,"3":1,"4":1,"5":3,"6":1},"b":{"0":[1,2],"1":[1,1]},"meta":{"lastBranch":2,"lastFunction":7,"lastStatement":16,"seen":{"f:3:22:3:37":0,"s:4:17:7:3":0,"s:9:2:9:24":1,"f:13:22:13:45":1,"s:14:17:17:3":2,"s:19:2:19:24":3,"f:22:22:22:32":2,"s:23:17:28:3":4,"s:30:2:30:24":5,"f:33:22:33:43":3,"s:34:17:39:3":6,"s:41:2:41:24":7,"f:44:22:44:43":4,"s:52:17:58:3":8,"s:60:2:60:24":9,"f:65:22:65:40":5,"b:66:2:77:3:72:5:77:3":0,"s:66:2:77:3":10,"s:67:4:70:6":11,"b:72:5:77:3:undefined:undefined:undefined:undefined":1,"s:72:5:77:3":12,"s:73:4:76:6":13,"f:80:22:80:34":6,"s:81:17:84:3":14,"s:85:2:85:24":15}}}
,"D:\\proyectos_personales\\ibero\\skillHub-back\\src\\modules\\auth\\auth.routes.js": {"path":"D:\\proyectos_personales\\ibero\\skillHub-back\\src\\modules\\auth\\auth.routes.js","statementMap":{"0":{"start":{"line":6,"column":14},"end":{"line":6,"column":23}},"1":{"start":{"line":48,"column":0},"end":{"line":53,"column":2}},"2":{"start":{"line":86,"column":0},"end":{"line":91,"column":2}}},"fnMap":{},"branchMap":{},"s":{"0":1,"1":1,"2":1},"f":{},"b":{},"meta":{"lastBranch":0,"lastFunction":0,"lastStatement":3,"seen":{"s:6:14:6:23":0,"s:48:0:53:2":1,"s:86:0:91:2":2}}}
,"D:\\proyectos_personales\\ibero\\skillHub-back\\src\\modules\\auth\\auth.service.js": {"path":"D:\\proyectos_personales\\ibero\\skillHub-back\\src\\modules\\auth\\auth.service.js","statementMap":{"0":{"start":{"line":5,"column":28},"end":{"line":8,"column":1}},"1":{"start":{"line":13,"column":23},"end":{"line":13,"column":59}},"2":{"start":{"line":16,"column":2},"end":{"line":20,"column":3}},"3":{"start":{"line":17,"column":18},"end":{"line":17,"column":58}},"4":{"start":{"line":18,"column":4},"end":{"line":18,"column":27}},"5":{"start":{"line":19,"column":4},"end":{"line":19,"column":16}},"6":{"start":{"line":22,"column":23},"end":{"line":22,"column":54}},"7":{"start":{"line":25,"column":15},"end":{"line":25,"column":85}},"8":{"start":{"line":27,"column":2},"end":{"line":27,"column":72}},"9":{"start":{"line":29,"column":18},"end":{"line":33,"column":3}},"10":{"start":{"line":36,"column":16},"end":{"line":41,"column":4}},"11":{"start":{"line":45,"column":2},"end":{"line":45,"column":34}},"12":{"start":{"line":54,"column":15},"end":{"line":54,"column":43}},"13":{"start":{"line":56,"column":2},"end":{"line":60,"column":3}},"14":{"start":{"line":57,"column":18},"end":{"line":57,"column":53}},"15":{"start":{"line":58,"column":4},"end":{"line":58,"column":27}},"16":{"start":{"line":59,"column":4},"end":{"line":59,"column":16}},"17":{"start":{"line":63,"column":26},"end":{"line":63,"column":71}},"18":{"start":{"line":65,"column":2},"end":{"line":69,"column":3}},"19":{"start":{"line":66,"column":18},"end":{"line":66,"column":53}},"20":{"start":{"line":67,"column":4},"end":{"line":67,"column":27}},"21":{"start":{"line":68,"column":4},"end":{"line":68,"column":16}},"22":{"start":{"line":73,"column":16},"end":{"line":78,"column":4}},"23":{"start":{"line":82,"column":2},"end":{"line":86,"column":4}}},"fnMap":{"0":{"name":"register","decl":{"start":{"line":11,"column":22},"end":{"line":11,"column":30}},"loc":{"start":{"line":11,"column":61},"end":{"line":46,"column":1}},"line":11},"1":{"name":"login","decl":{"start":{"line":49,"column":22},"end":{"line":49,"column":27}},"loc":{"start":{"line":49,"column":45},"end":{"line":87,"column":1}},"line":49}},"branchMap":{"0":{"loc":{"start":{"line":16,"column":2},"end":{"line":20,"column":3}},"type":"if","locations":[{"start":{"line":16,"column":2},"end":{"line":20,"column":3}},{"start":{},"end":{}}],"line":16},"1":{"loc":{"start":{"line":56,"column":2},"end":{"line":60,"column":3}},"type":"if","locations":[{"start":{"line":56,"column":2},"end":{"line":60,"column":3}},{"start":{},"end":{}}],"line":56},"2":{"loc":{"start":{"line":65,"column":2},"end":{"line":69,"column":3}},"type":"if","locations":[{"start":{"line":65,"column":2},"end":{"line":69,"column":3}},{"start":{},"end":{}}],"line":65}},"s":{"0":2,"1":4,"2":4,"3":2,"4":2,"5":2,"6":2,"7":2,"8":2,"9":2,"10":2,"11":2,"12":5,"13":5,"14":2,"15":2,"16":2,"17":3,"18":3,"19":2,"20":2,"21":2,"22":1,"23":1},"f":{"0":4,"1":5},"b":{"0":[2,2],"1":[2,3],"2":[2,1]},"meta":{"lastBranch":3,"lastFunction":2,"lastStatement":24,"seen":{"s:5:28:8:1":0,"f:11:22:11:30":0,"s:13:23:13:59":1,"b:16:2:20:3:undefined:undefined:undefined:undefined":0,"s:16:2:20:3":2,"s:17:18:17:58":3,"s:18:4:18:27":4,"s:19:4:19:16":5,"s:22:23:22:54":6,"s:25:15:25:85":7,"s:27:2:27:72":8,"s:29:18:33:3":9,"s:36:16:41:4":10,"s:45:2:45:34":11,"f:49:22:49:27":1,"s:54:15:54:43":12,"b:56:2:60:3:undefined:undefined:undefined:undefined":1,"s:56:2:60:3":13,"s:57:18:57:53":14,"s:58:4:58:27":15,"s:59:4:59:16":16,"s:63:26:63:71":17,"b:65:2:69:3:undefined:undefined:undefined:undefined":2,"s:65:2:69:3":18,"s:66:18:66:53":19,"s:67:4:67:27":20,"s:68:4:68:16":21,"s:73:16:78:4":22,"s:82:2:86:4":23}}}
,"D:\\proyectos_personales\\ibero\\skillHub-back\\src\\modules\\auth\\auth.validators.js": {"path":"D:\\proyectos_personales\\ibero\\skillHub-back\\src\\modules\\auth\\auth.validators.js","statementMap":{"0":{"start":{"line":7,"column":33},"end":{"line":39,"column":1}},"1":{"start":{"line":41,"column":30},"end":{"line":55,"column":1}}},"fnMap":{},"branchMap":{},"s":{"0":1,"1":1},"f":{},"b":{},"meta":{"lastBranch":0,"lastFunction":0,"lastStatement":2,"seen":{"s:7:33:39:1":0,"s:41:30:55:1":1}}}
,"D:\\proyectos_personales\\ibero\\skillHub-back\\src\\modules\\providers\\providers.controller.js": {"path":"D:\\proyectos_personales\\ibero\\skillHub-back\\src\\modules\\providers\\providers.controller.js","statementMap":{"0":{"start":{"line":5,"column":2},"end":{"line":10,"column":3}},"1":{"start":{"line":6,"column":20},"end":{"line":6,"column":68}},"2":{"start":{"line":7,"column":4},"end":{"line":7,"column":60}},"3":{"start":{"line":9,"column":4},"end":{"line":9,"column":16}},"4":{"start":{"line":14,"column":2},"end":{"line":28,"column":3}},"5":{"start":{"line":18,"column":8},"end":{"line":18,"column":16}},"6":{"start":{"line":20,"column":20},"end":{"line":23,"column":6}},"7":{"start":{"line":25,"column":4},"end":{"line":25,"column":76}},"8":{"start":{"line":27,"column":4},"end":{"line":27,"column":16}},"9":{"start":{"line":32,"column":2},"end":{"line":53,"column":3}},"10":{"start":{"line":33,"column":82},"end":{"line":33,"column":91}},"11":{"start":{"line":34,"column":19},"end":{"line":34,"column":57}},"12":{"start":{"line":37,"column":30},"end":{"line":37,"column":93}},"13":{"start":{"line":39,"column":22},"end":{"line":48,"column":6}},"14":{"start":{"line":50,"column":4},"end":{"line":50,"column":120}},"15":{"start":{"line":52,"column":4},"end":{"line":52,"column":16}},"16":{"start":{"line":57,"column":2},"end":{"line":63,"column":3}},"17":{"start":{"line":58,"column":27},"end":{"line":58,"column":37}},"18":{"start":{"line":59,"column":20},"end":{"line":59,"column":71}},"19":{"start":{"line":60,"column":4},"end":{"line":60,"column":74}},"20":{"start":{"line":62,"column":4},"end":{"line":62,"column":16}}},"fnMap":{"0":{"name":"getMyProfile","decl":{"start":{"line":4,"column":22},"end":{"line":4,"column":34}},"loc":{"start":{"line":4,"column":51},"end":{"line":11,"column":1}},"line":4},"1":{"name":"updateProfile","decl":{"start":{"line":13,"column":22},"end":{"line":13,"column":35}},"loc":{"start":{"line":13,"column":52},"end":{"line":29,"column":1}},"line":13},"2":{"name":"searchProviders","decl":{"start":{"line":31,"column":22},"end":{"line":31,"column":37}},"loc":{"start":{"line":31,"column":54},"end":{"line":54,"column":1}},"line":31},"3":{"name":"getPublicProfile","decl":{"start":{"line":56,"column":22},"end":{"line":56,"column":38}},"loc":{"start":{"line":56,"column":55},"end":{"line":64,"column":1}},"line":56}},"branchMap":{"0":{"loc":{"start":{"line":33,"column":57},"end":{"line":33,"column":65}},"type":"default-arg","locations":[{"start":{"line":33,"column":64},"end":{"line":33,"column":65}}],"line":33},"1":{"loc":{"start":{"line":33,"column":67},"end":{"line":33,"column":77}},"type":"default-arg","locations":[{"start":{"line":33,"column":75},"end":{"line":33,"column":77}}],"line":33},"2":{"loc":{"start":{"line":37,"column":30},"end":{"line":37,"column":93}},"type":"cond-expr","locations":[{"start":{"line":37,"column":75},"end":{"line":37,"column":86}},{"start":{"line":37,"column":89},"end":{"line":37,"column":93}}],"line":37},"3":{"loc":{"start":{"line":37,"column":31},"end":{"line":37,"column":71}},"type":"binary-expr","locations":[{"start":{"line":37,"column":31},"end":{"line":37,"column":39}},{"start":{"line":37,"column":43},"end":{"line":37,"column":71}}],"line":37},"4":{"loc":{"start":{"line":43,"column":16},"end":{"line":43,"column":54}},"type":"cond-expr","locations":[{"start":{"line":43,"column":27},"end":{"line":43,"column":47}},{"start":{"line":43,"column":50},"end":{"line":43,"column":54}}],"line":43},"5":{"loc":{"start":{"line":44,"column":16},"end":{"line":44,"column":54}},"type":"cond-expr","locations":[{"start":{"line":44,"column":27},"end":{"line":44,"column":47}},{"start":{"line":44,"column":50},"end":{"line":44,"column":54}}],"line":44}},"s":{"0":2,"1":2,"2":1,"3":1,"4":2,"5":2,"6":2,"7":1,"8":1,"9":4,"10":4,"11":4,"12":4,"13":4,"14":3,"15":1,"16":2,"17":2,"18":2,"19":1,"20":1},"f":{"0":2,"1":2,"2":4,"3":2},"b":{"0":[4],"1":[4],"2":[2,2],"3":[4,3],"4":[1,3],"5":[1,3]},"meta":{"lastBranch":6,"lastFunction":4,"lastStatement":21,"seen":{"f:4:22:4:34":0,"s:5:2:10:3":0,"s:6:20:6:68":1,"s:7:4:7:60":2,"s:9:4:9:16":3,"f:13:22:13:35":1,"s:14:2:28:3":4,"s:18:8:18:16":5,"s:20:20:23:6":6,"s:25:4:25:76":7,"s:27:4:27:16":8,"f:31:22:31:37":2,"s:32:2:53:3":9,"s:33:82:33:91":10,"b:33:64:33:65":0,"b:33:75:33:77":1,"s:34:19:34:57":11,"s:37:30:37:93":12,"b:37:75:37:86:37:89:37:93":2,"b:37:31:37:39:37:43:37:71":3,"s:39:22:48:6":13,"b:43:27:43:47:43:50:43:54":4,"b:44:27:44:47:44:50:44:54":5,"s:50:4:50:120":14,"s:52:4:52:16":15,"f:56:22:56:38":3,"s:57:2:63:3":16,"s:58:27:58:37":17,"s:59:20:59:71":18,"s:60:4:60:74":19,"s:62:4:62:16":20}}}
,"D:\\proyectos_personales\\ibero\\skillHub-back\\src\\modules\\providers\\providers.repository.js": {"path":"D:\\proyectos_personales\\ibero\\skillHub-back\\src\\modules\\providers\\providers.repository.js","statementMap":{"0":{"start":{"line":4,"column":17},"end":{"line":10,"column":3}},"1":{"start":{"line":11,"column":2},"end":{"line":11,"column":24}},"2":{"start":{"line":15,"column":17},"end":{"line":43,"column":3}},"3":{"start":{"line":44,"column":2},"end":{"line":44,"column":24}},"4":{"start":{"line":48,"column":17},"end":{"line":61,"column":3}},"5":{"start":{"line":62,"column":2},"end":{"line":62,"column":52}},"6":{"start":{"line":66,"column":21},"end":{"line":66,"column":28}},"7":{"start":{"line":67,"column":17},"end":{"line":67,"column":19}},"8":{"start":{"line":68,"column":12},"end":{"line":68,"column":13}},"9":{"start":{"line":70,"column":2},"end":{"line":73,"column":3}},"10":{"start":{"line":71,"column":4},"end":{"line":71,"column":46}},"11":{"start":{"line":72,"column":4},"end":{"line":72,"column":35}},"12":{"start":{"line":74,"column":2},"end":{"line":77,"column":3}},"13":{"start":{"line":75,"column":4},"end":{"line":75,"column":51}},"14":{"start":{"line":76,"column":4},"end":{"line":76,"column":26}},"15":{"start":{"line":78,"column":2},"end":{"line":81,"column":3}},"16":{"start":{"line":79,"column":4},"end":{"line":79,"column":56}},"17":{"start":{"line":80,"column":4},"end":{"line":80,"column":22}},"18":{"start":{"line":82,"column":2},"end":{"line":86,"column":3}},"19":{"start":{"line":83,"column":4},"end":{"line":83,"column":254}},"20":{"start":{"line":84,"column":4},"end":{"line":84,"column":46}},"21":{"start":{"line":85,"column":4},"end":{"line":85,"column":10}},"22":{"start":{"line":87,"column":2},"end":{"line":90,"column":3}},"23":{"start":{"line":88,"column":4},"end":{"line":88,"column":49}},"24":{"start":{"line":89,"column":4},"end":{"line":89,"column":26}},"25":{"start":{"line":91,"column":2},"end":{"line":94,"column":3}},"26":{"start":{"line":92,"column":4},"end":{"line":92,"column":49}},"27":{"start":{"line":93,"column":4},"end":{"line":93,"column":26}},"28":{"start":{"line":97,"column":16},"end":{"line":134,"column":3}},"29":{"start":{"line":135,"column":2},"end":{"line":135,"column":29}},"30":{"start":{"line":137,"column":17},"end":{"line":137,"column":48}},"31":{"start":{"line":138,"column":2},"end":{"line":138,"column":21}},"32":{"start":{"line":142,"column":17},"end":{"line":162,"column":3}},"33":{"start":{"line":163,"column":2},"end":{"line":163,"column":24}}},"fnMap":{"0":{"name":"findProviderByUserId","decl":{"start":{"line":3,"column":22},"end":{"line":3,"column":42}},"loc":{"start":{"line":3,"column":51},"end":{"line":12,"column":1}},"line":3},"1":{"name":"updateProviderProfile","decl":{"start":{"line":14,"column":22},"end":{"line":14,"column":43}},"loc":{"start":{"line":14,"column":169},"end":{"line":45,"column":1}},"line":14},"2":{"name":"getProviderProfileCompletion","decl":{"start":{"line":47,"column":22},"end":{"line":47,"column":50}},"loc":{"start":{"line":47,"column":59},"end":{"line":63,"column":1}},"line":47},"3":{"name":"searchProviders","decl":{"start":{"line":65,"column":22},"end":{"line":65,"column":37}},"loc":{"start":{"line":65,"column":130},"end":{"line":139,"column":1}},"line":65},"4":{"name":"getPublicProviderProfile","decl":{"start":{"line":141,"column":22},"end":{"line":141,"column":46}},"loc":{"start":{"line":141,"column":55},"end":{"line":164,"column":1}},"line":141}},"branchMap":{"0":{"loc":{"start":{"line":35,"column":6},"end":{"line":35,"column":46}},"type":"cond-expr","locations":[{"start":{"line":35,"column":15},"end":{"line":35,"column":37}},{"start":{"line":35,"column":40},"end":{"line":35,"column":46}}],"line":35},"1":{"loc":{"start":{"line":37,"column":6},"end":{"line":37,"column":52}},"type":"cond-expr","locations":[{"start":{"line":37,"column":17},"end":{"line":37,"column":41}},{"start":{"line":37,"column":44},"end":{"line":37,"column":52}}],"line":37},"2":{"loc":{"start":{"line":62,"column":9},"end":{"line":62,"column":51}},"type":"binary-expr","locations":[{"start":{"line":62,"column":9},"end":{"line":62,"column":46}},{"start":{"line":62,"column":50},"end":{"line":62,"column":51}}],"line":62},"3":{"loc":{"start":{"line":65,"column":85},"end":{"line":65,"column":95}},"type":"default-arg","locations":[{"start":{"line":65,"column":93},"end":{"line":65,"column":95}}],"line":65},"4":{"loc":{"start":{"line":65,"column":97},"end":{"line":65,"column":107}},"type":"default-arg","locations":[{"start":{"line":65,"column":106},"end":{"line":65,"column":107}}],"line":65},"5":{"loc":{"start":{"line":70,"column":2},"end":{"line":73,"column":3}},"type":"if","locations":[{"start":{"line":70,"column":2},"end":{"line":73,"column":3}},{"start":{},"end":{}}],"line":70},"6":{"loc":{"start":{"line":74,"column":2},"end":{"line":77,"column":3}},"type":"if","locations":[{"start":{"line":74,"column":2},"end":{"line":77,"column":3}},{"start":{},"end":{}}],"line":74},"7":{"loc":{"start":{"line":78,"column":2},"end":{"line":81,"column":3}},"type":"if","locations":[{"start":{"line":78,"column":2},"end":{"line":81,"column":3}},{"start":{},"end":{}}],"line":78},"8":{"loc":{"start":{"line":82,"column":2},"end":{"line":86,"column":3}},"type":"if","locations":[{"start":{"line":82,"column":2},"end":{"line":86,"column":3}},{"start":{},"end":{}}],"line":82},"9":{"loc":{"start":{"line":87,"column":2},"end":{"line":90,"column":3}},"type":"if","locations":[{"start":{"line":87,"column":2},"end":{"line":90,"column":3}},{"start":{},"end":{}}],"line":87},"10":{"loc":{"start":{"line":91,"column":2},"end":{"line":94,"column":3}},"type":"if","locations":[{"start":{"line":91,"column":2},"end":{"line":94,"column":3}},{"start":{},"end":{}}],"line":91}},"s":{"0":1,"1":1,"2":2,"3":2,"4":2,"5":2,"6":3,"7":3,"8":3,"9":3,"10":1,"11":1,"12":3,"13":1,"14":1,"15":3,"16":1,"17":1,"18":3,"19":1,"20":1,"21":1,"22":3,"23":1,"24":1,"25":3,"26":1,"27":1,"28":3,"29":3,"30":3,"31":3,"32":1,"33":1},"f":{"0":1,"1":2,"2":2,"3":3,"4":1},"b":{"0":[1,1],"1":[1,1],"2":[2,1],"3":[3],"4":[3],"5":[1,2],"6":[1,2],"7":[1,2],"8":[1,2],"9":[1,2],"10":[1,2]},"meta":{"lastBranch":11,"lastFunction":5,"lastStatement":34,"seen":{"f:3:22:3:42":0,"s:4:17:10:3":0,"s:11:2:11:24":1,"f:14:22:14:43":1,"s:15:17:43:3":2,"b:35:15:35:37:35:40:35:46":0,"b:37:17:37:41:37:44:37:52":1,"s:44:2:44:24":3,"f:47:22:47:50":2,"s:48:17:61:3":4,"s:62:2:62:52":5,"b:62:9:62:46:62:50:62:51":2,"f:65:22:65:37":3,"b:65:93:65:95":3,"b:65:106:65:107":4,"s:66:21:66:28":6,"s:67:17:67:19":7,"s:68:12:68:13":8,"b:70:2:73:3:undefined:undefined:undefined:undefined":5,"s:70:2:73:3":9,"s:71:4:71:46":10,"s:72:4:72:35":11,"b:74:2:77:3:undefined:undefined:undefined:undefined":6,"s:74:2:77:3":12,"s:75:4:75:51":13,"s:76:4:76:26":14,"b:78:2:81:3:undefined:undefined:undefined:undefined":7,"s:78:2:81:3":15,"s:79:4:79:56":16,"s:80:4:80:22":17,"b:82:2:86:3:undefined:undefined:undefined:undefined":8,"s:82:2:86:3":18,"s:83:4:83:254":19,"s:84:4:84:46":20,"s:85:4:85:10":21,"b:87:2:90:3:undefined:undefined:undefined:undefined":9,"s:87:2:90:3":22,"s:88:4:88:49":23,"s:89:4:89:26":24,"b:91:2:94:3:undefined:undefined:undefined:undefined":10,"s:91:2:94:3":25,"s:92:4:92:49":26,"s:93:4:93:26":27,"s:97:16:134:3":28,"s:135:2:135:29":29,"s:137:17:137:48":30,"s:138:2:138:21":31,"f:141:22:141:46":4,"s:142:17:162:3":32,"s:163:2:163:24":33}}}
,"D:\\proyectos_personales\\ibero\\skillHub-back\\src\\modules\\providers\\providers.routes.js": {"path":"D:\\proyectos_personales\\ibero\\skillHub-back\\src\\modules\\providers\\providers.routes.js","statementMap":{"0":{"start":{"line":15,"column":14},"end":{"line":15,"column":23}},"1":{"start":{"line":51,"column":0},"end":{"line":51,"column":95}},"2":{"start":{"line":67,"column":0},"end":{"line":67,"column":77}},"3":{"start":{"line":106,"column":0},"end":{"line":113,"column":2}},"4":{"start":{"line":134,"column":0},"end":{"line":134,"column":45}}},"fnMap":{},"branchMap":{},"s":{"0":1,"1":1,"2":1,"3":1,"4":1},"f":{},"b":{},"meta":{"lastBranch":0,"lastFunction":0,"lastStatement":5,"seen":{"s:15:14:15:23":0,"s:51:0:51:95":1,"s:67:0:67:77":2,"s:106:0:113:2":3,"s:134:0:134:45":4}}}
,"D:\\proyectos_personales\\ibero\\skillHub-back\\src\\modules\\providers\\providers.service.js": {"path":"D:\\proyectos_personales\\ibero\\skillHub-back\\src\\modules\\providers\\providers.service.js","statementMap":{"0":{"start":{"line":10,"column":19},"end":{"line":10,"column":53}},"1":{"start":{"line":11,"column":2},"end":{"line":15,"column":3}},"2":{"start":{"line":12,"column":18},"end":{"line":12,"column":64}},"3":{"start":{"line":13,"column":4},"end":{"line":13,"column":27}},"4":{"start":{"line":14,"column":4},"end":{"line":14,"column":16}},"5":{"start":{"line":16,"column":21},"end":{"line":16,"column":63}},"6":{"start":{"line":17,"column":2},"end":{"line":17,"column":65}},"7":{"start":{"line":21,"column":19},"end":{"line":21,"column":53}},"8":{"start":{"line":22,"column":2},"end":{"line":26,"column":3}},"9":{"start":{"line":23,"column":18},"end":{"line":23,"column":64}},"10":{"start":{"line":24,"column":4},"end":{"line":24,"column":27}},"11":{"start":{"line":25,"column":4},"end":{"line":25,"column":16}},"12":{"start":{"line":29,"column":2},"end":{"line":31,"column":3}},"13":{"start":{"line":30,"column":4},"end":{"line":30,"column":56}},"14":{"start":{"line":33,"column":18},"end":{"line":33,"column":59}},"15":{"start":{"line":34,"column":21},"end":{"line":34,"column":63}},"16":{"start":{"line":35,"column":2},"end":{"line":35,"column":64}},"17":{"start":{"line":39,"column":20},"end":{"line":39,"column":50}},"18":{"start":{"line":40,"column":2},"end":{"line":40,"column":19}},"19":{"start":{"line":44,"column":19},"end":{"line":44,"column":57}},"20":{"start":{"line":45,"column":2},"end":{"line":49,"column":3}},"21":{"start":{"line":46,"column":18},"end":{"line":46,"column":54}},"22":{"start":{"line":47,"column":4},"end":{"line":47,"column":27}},"23":{"start":{"line":48,"column":4},"end":{"line":48,"column":16}},"24":{"start":{"line":50,"column":21},"end":{"line":50,"column":63}},"25":{"start":{"line":51,"column":2},"end":{"line":51,"column":65}}},"fnMap":{"0":{"name":"getMyProfile","decl":{"start":{"line":9,"column":22},"end":{"line":9,"column":34}},"loc":{"start":{"line":9,"column":43},"end":{"line":18,"column":1}},"line":9},"1":{"name":"updateProfile","decl":{"start":{"line":20,"column":22},"end":{"line":20,"column":35}},"loc":{"start":{"line":20,"column":50},"end":{"line":36,"column":1}},"line":20},"2":{"name":"search","decl":{"start":{"line":38,"column":22},"end":{"line":38,"column":28}},"loc":{"start":{"line":38,"column":38},"end":{"line":41,"column":1}},"line":38},"3":{"name":"getPublicProfile","decl":{"start":{"line":43,"column":22},"end":{"line":43,"column":38}},"loc":{"start":{"line":43,"column":47},"end":{"line":52,"column":null}},"line":43}},"branchMap":{"0":{"loc":{"start":{"line":11,"column":2},"end":{"line":15,"column":3}},"type":"if","locations":[{"start":{"line":11,"column":2},"end":{"line":15,"column":3}},{"start":{},"end":{}}],"line":11},"1":{"loc":{"start":{"line":22,"column":2},"end":{"line":26,"column":3}},"type":"if","locations":[{"start":{"line":22,"column":2},"end":{"line":26,"column":3}},{"start":{},"end":{}}],"line":22},"2":{"loc":{"start":{"line":29,"column":2},"end":{"line":31,"column":3}},"type":"if","locations":[{"start":{"line":29,"column":2},"end":{"line":31,"column":3}},{"start":{},"end":{}}],"line":29},"3":{"loc":{"start":{"line":45,"column":2},"end":{"line":49,"column":3}},"type":"if","locations":[{"start":{"line":45,"column":2},"end":{"line":49,"column":3}},{"start":{},"end":{}}],"line":45}},"s":{"0":3,"1":3,"2":2,"3":2,"4":2,"5":1,"6":1,"7":3,"8":3,"9":2,"10":2,"11":2,"12":1,"13":1,"14":1,"15":1,"16":1,"17":2,"18":2,"19":3,"20":3,"21":2,"22":2,"23":2,"24":1,"25":1},"f":{"0":3,"1":3,"2":2,"3":3},"b":{"0":[2,1],"1":[2,1],"2":[1,0],"3":[2,1]},"meta":{"lastBranch":4,"lastFunction":4,"lastStatement":26,"seen":{"f:9:22:9:34":0,"s:10:19:10:53":0,"b:11:2:15:3:undefined:undefined:undefined:undefined":0,"s:11:2:15:3":1,"s:12:18:12:64":2,"s:13:4:13:27":3,"s:14:4:14:16":4,"s:16:21:16:63":5,"s:17:2:17:65":6,"f:20:22:20:35":1,"s:21:19:21:53":7,"b:22:2:26:3:undefined:undefined:undefined:undefined":1,"s:22:2:26:3":8,"s:23:18:23:64":9,"s:24:4:24:27":10,"s:25:4:25:16":11,"b:29:2:31:3:undefined:undefined:undefined:undefined":2,"s:29:2:31:3":12,"s:30:4:30:56":13,"s:33:18:33:59":14,"s:34:21:34:63":15,"s:35:2:35:64":16,"f:38:22:38:28":2,"s:39:20:39:50":17,"s:40:2:40:19":18,"f:43:22:43:38":3,"s:44:19:44:57":19,"b:45:2:49:3:undefined:undefined:undefined:undefined":3,"s:45:2:49:3":20,"s:46:18:46:54":21,"s:47:4:47:27":22,"s:48:4:48:16":23,"s:50:21:50:63":24,"s:51:2:51:65":25}}}
,"D:\\proyectos_personales\\ibero\\skillHub-back\\src\\modules\\providers\\providers.validators.js": {"path":"D:\\proyectos_personales\\ibero\\skillHub-back\\src\\modules\\providers\\providers.validators.js","statementMap":{"0":{"start":{"line":5,"column":25},"end":{"line":10,"column":1}},"1":{"start":{"line":12,"column":13},"end":{"line":12,"column":87}},"2":{"start":{"line":14,"column":38},"end":{"line":87,"column":1}},"3":{"start":{"line":44,"column":33},"end":{"line":44,"column":88}},"4":{"start":{"line":57,"column":6},"end":{"line":80,"column":7}},"5":{"start":{"line":58,"column":8},"end":{"line":60,"column":9}},"6":{"start":{"line":59,"column":10},"end":{"line":59,"column":86}},"7":{"start":{"line":61,"column":21},"end":{"line":61,"column":34}},"8":{"start":{"line":62,"column":8},"end":{"line":64,"column":9}},"9":{"start":{"line":63,"column":10},"end":{"line":63,"column":76}},"10":{"start":{"line":65,"column":8},"end":{"line":67,"column":9}},"11":{"start":{"line":66,"column":10},"end":{"line":66,"column":86}},"12":{"start":{"line":68,"column":8},"end":{"line":79,"column":9}},"13":{"start":{"line":69,"column":28},"end":{"line":69,"column":55}},"14":{"start":{"line":70,"column":10},"end":{"line":72,"column":11}},"15":{"start":{"line":71,"column":12},"end":{"line":71,"column":91}},"16":{"start":{"line":73,"column":10},"end":{"line":75,"column":11}},"17":{"start":{"line":74,"column":12},"end":{"line":74,"column":88}},"18":{"start":{"line":76,"column":10},"end":{"line":78,"column":11}},"19":{"start":{"line":77,"column":12},"end":{"line":77,"column":93}},"20":{"start":{"line":81,"column":6},"end":{"line":81,"column":18}},"21":{"start":{"line":89,"column":31},"end":{"line":107,"column":1}},"22":{"start":{"line":92,"column":33},"end":{"line":92,"column":88}}},"fnMap":{"0":{"name":"(anonymous_0)","decl":{"start":{"line":44,"column":21},"end":{"line":44,"column":22}},"loc":{"start":{"line":44,"column":33},"end":{"line":44,"column":88}},"line":44},"1":{"name":"(anonymous_1)","decl":{"start":{"line":56,"column":12},"end":{"line":56,"column":13}},"loc":{"start":{"line":56,"column":26},"end":{"line":82,"column":5}},"line":56},"2":{"name":"(anonymous_2)","decl":{"start":{"line":92,"column":21},"end":{"line":92,"column":22}},"loc":{"start":{"line":92,"column":33},"end":{"line":92,"column":88}},"line":92}},"branchMap":{"0":{"loc":{"start":{"line":44,"column":33},"end":{"line":44,"column":88}},"type":"cond-expr","locations":[{"start":{"line":44,"column":61},"end":{"line":44,"column":80}},{"start":{"line":44,"column":83},"end":{"line":44,"column":88}}],"line":44},"1":{"loc":{"start":{"line":58,"column":8},"end":{"line":60,"column":9}},"type":"if","locations":[{"start":{"line":58,"column":8},"end":{"line":60,"column":9}},{"start":{},"end":{}}],"line":58},"2":{"loc":{"start":{"line":62,"column":8},"end":{"line":64,"column":9}},"type":"if","locations":[{"start":{"line":62,"column":8},"end":{"line":64,"column":9}},{"start":{},"end":{}}],"line":62},"3":{"loc":{"start":{"line":62,"column":12},"end":{"line":62,"column":53}},"type":"binary-expr","locations":[{"start":{"line":62,"column":12},"end":{"line":62,"column":36}},{"start":{"line":62,"column":40},"end":{"line":62,"column":53}}],"line":62},"4":{"loc":{"start":{"line":65,"column":8},"end":{"line":67,"column":9}},"type":"if","locations":[{"start":{"line":65,"column":8},"end":{"line":67,"column":9}},{"start":{},"end":{}}],"line":65},"5":{"loc":{"start":{"line":68,"column":8},"end":{"line":79,"column":9}},"type":"if","locations":[{"start":{"line":68,"column":8},"end":{"line":79,"column":9}},{"start":{},"end":{}}],"line":68},"6":{"loc":{"start":{"line":70,"column":10},"end":{"line":72,"column":11}},"type":"if","locations":[{"start":{"line":70,"column":10},"end":{"line":72,"column":11}},{"start":{},"end":{}}],"line":70},"7":{"loc":{"start":{"line":73,"column":10},"end":{"line":75,"column":11}},"type":"if","locations":[{"start":{"line":73,"column":10},"end":{"line":75,"column":11}},{"start":{},"end":{}}],"line":73},"8":{"loc":{"start":{"line":76,"column":10},"end":{"line":78,"column":11}},"type":"if","locations":[{"start":{"line":76,"column":10},"end":{"line":78,"column":11}},{"start":{},"end":{}}],"line":76},"9":{"loc":{"start":{"line":92,"column":33},"end":{"line":92,"column":88}},"type":"cond-expr","locations":[{"start":{"line":92,"column":61},"end":{"line":92,"column":80}},{"start":{"line":92,"column":83},"end":{"line":92,"column":88}}],"line":92}},"s":{"0":2,"1":2,"2":2,"3":2,"4":8,"5":9,"6":2,"7":7,"8":7,"9":1,"10":6,"11":1,"12":5,"13":4,"14":4,"15":1,"16":3,"17":1,"18":2,"19":1,"20":1,"21":2,"22":2},"f":{"0":2,"1":8,"2":2},"b":{"0":[2,0],"1":[2,7],"2":[1,6],"3":[7,7],"4":[1,5],"5":[4,1],"6":[1,3],"7":[1,2],"8":[1,1],"9":[2,0]},"meta":{"lastBranch":10,"lastFunction":3,"lastStatement":23,"seen":{"s:5:25:10:1":0,"s:12:13:12:87":1,"s:14:38:87:1":2,"f:44:21:44:22":0,"s:44:33:44:88":3,"b:44:61:44:80:44:83:44:88":0,"f:56:12:56:13":1,"s:57:6:80:7":4,"b:58:8:60:9:undefined:undefined:undefined:undefined":1,"s:58:8:60:9":5,"s:59:10:59:86":6,"s:61:21:61:34":7,"b:62:8:64:9:undefined:undefined:undefined:undefined":2,"s:62:8:64:9":8,"b:62:12:62:36:62:40:62:53":3,"s:63:10:63:76":9,"b:65:8:67:9:undefined:undefined:undefined:undefined":4,"s:65:8:67:9":10,"s:66:10:66:86":11,"b:68:8:79:9:undefined:undefined:undefined:undefined":5,"s:68:8:79:9":12,"s:69:28:69:55":13,"b:70:10:72:11:undefined:undefined:undefined:undefined":6,"s:70:10:72:11":14,"s:71:12:71:91":15,"b:73:10:75:11:undefined:undefined:undefined:undefined":7,"s:73:10:75:11":16,"s:74:12:74:88":17,"b:76:10:78:11:undefined:undefined:undefined:undefined":8,"s:76:10:78:11":18,"s:77:12:77:93":19,"s:81:6:81:18":20,"s:89:31:107:1":21,"f:92:21:92:22":2,"s:92:33:92:88":22,"b:92:61:92:80:92:83:92:88":9}}}
,"D:\\proyectos_personales\\ibero\\skillHub-back\\src\\utils\\response.js": {"path":"D:\\proyectos_personales\\ibero\\skillHub-back\\src\\utils\\response.js","statementMap":{"0":{"start":{"line":4,"column":4},"end":{"line":9,"column":7}},"1":{"start":{"line":14,"column":4},"end":{"line":19,"column":7}}},"fnMap":{"0":{"name":"successResponse","decl":{"start":{"line":2,"column":16},"end":{"line":2,"column":31}},"loc":{"start":{"line":2,"column":70},"end":{"line":10,"column":1}},"line":2},"1":{"name":"errorResponse","decl":{"start":{"line":12,"column":16},"end":{"line":12,"column":29}},"loc":{"start":{"line":12,"column":75},"end":{"line":21,"column":null}},"line":12}},"branchMap":{"0":{"loc":{"start":{"line":2,"column":52},"end":{"line":2,"column":68}},"type":"default-arg","locations":[{"start":{"line":2,"column":65},"end":{"line":2,"column":68}}],"line":2},"1":{"loc":{"start":{"line":12,"column":44},"end":{"line":12,"column":60}},"type":"default-arg","locations":[{"start":{"line":12,"column":57},"end":{"line":12,"column":60}}],"line":12},"2":{"loc":{"start":{"line":12,"column":62},"end":{"line":12,"column":73}},"type":"default-arg","locations":[{"start":{"line":12,"column":69},"end":{"line":12,"column":73}}],"line":12}},"s":{"0":3,"1":7},"f":{"0":3,"1":7},"b":{"0":[3],"1":[7],"2":[7]},"meta":{"lastBranch":3,"lastFunction":2,"lastStatement":2,"seen":{"f:2:16:2:31":0,"b:2:65:2:68":0,"s:4:4:9:7":0,"f:12:16:12:29":1,"b:12:57:12:60":1,"b:12:69:12:73":2,"s:14:4:19:7":1}}}
}
